#
# There is insufficient memory for the Java Runtime Environment to continue.
# Native memory allocation (malloc) failed to allocate 32744 bytes for ChunkPool::allocate
# Possible reasons:
#   The system is out of physical RAM or swap space
#   In 32 bit mode, the process size limit was hit
# Possible solutions:
#   Reduce memory load on the system
#   Increase physical memory or swap space
#   Check if swap backing store is full
#   Use 64 bit Java on a 64 bit OS
#   Decrease Java heap size (-Xmx/-Xms)
#   Decrease number of Java threads
#   Decrease Java thread stack sizes (-Xss)
#   Set larger code cache with -XX:ReservedCodeCacheSize=
# This output file may be truncated or incomplete.
#
#  Out of Memory Error (allocation.cpp:273), pid=8656, tid=0x00000000000038f0
#
# JRE version: Java(TM) SE Runtime Environment (8.0_171-b11) (build 1.8.0_171-b11)
# Java VM: Java HotSpot(TM) 64-Bit Server VM (25.171-b11 mixed mode windows-amd64 compressed oops)
# Failed to write core dump. Minidumps are not enabled by default on client versions of Windows
#

---------------  T H R E A D  ---------------

Current thread (0x000000001529c000):  JavaThread "C2 CompilerThread1" daemon [_thread_in_native, id=14576, stack(0x0000000016ea0000,0x0000000016fa0000)]

Stack: [0x0000000016ea0000,0x0000000016fa0000]
[error occurred during error reporting (printing stack bounds), id 0xc0000005]

Native frames: (J=compiled Java code, j=interpreted, Vv=VM code, C=native code)


Current CompileTask:
C2:   2667  695       4       java.util.HashMap::resize (359 bytes)


---------------  P R O C E S S  ---------------

Java Threads: ( => current thread )
  0x0000000002bf3000 JavaThread "DestroyJavaVM" [_thread_blocked, id=6420, stack(0x00000000029a0000,0x0000000002aa0000)]
  0x0000000016c6f800 JavaThread "AWT-EventQueue-0" [_thread_in_native, id=852, stack(0x0000000018880000,0x0000000018980000)]
  0x0000000016bf4000 JavaThread "AWT-Windows" daemon [_thread_in_native, id=2800, stack(0x00000000175e0000,0x00000000176e0000)]
  0x0000000016bf3800 JavaThread "AWT-Shutdown" [_thread_blocked, id=7792, stack(0x00000000174e0000,0x00000000175e0000)]
  0x0000000016bee800 JavaThread "Java2D Disposer" daemon [_thread_blocked, id=17764, stack(0x00000000173e0000,0x00000000174e0000)]
  0x000000001693a800 JavaThread "Service Thread" daemon [_thread_blocked, id=12888, stack(0x00000000170a0000,0x00000000171a0000)]
  0x0000000016937000 JavaThread "C1 CompilerThread2" daemon [_thread_blocked, id=6264, stack(0x0000000016fa0000,0x00000000170a0000)]
=>0x000000001529c000 JavaThread "C2 CompilerThread1" daemon [_thread_in_native, id=14576, stack(0x0000000016ea0000,0x0000000016fa0000)]
  0x00000000168e3000 JavaThread "C2 CompilerThread0" daemon [_thread_in_native, id=10048, stack(0x0000000016da0000,0x0000000016ea0000)]
  0x000000001527b000 JavaThread "Monitor Ctrl-Break" daemon [_thread_in_native, id=7596, stack(0x0000000016ca0000,0x0000000016da0000)]
  0x000000001524c000 JavaThread "Attach Listener" daemon [_thread_blocked, id=15484, stack(0x00000000167a0000,0x00000000168a0000)]
  0x0000000002cee800 JavaThread "Signal Dispatcher" daemon [_thread_blocked, id=9708, stack(0x00000000166a0000,0x00000000167a0000)]
  0x000000001523a800 JavaThread "Finalizer" daemon [_thread_blocked, id=4272, stack(0x00000000164b0000,0x00000000165b0000)]
  0x0000000002ce1000 JavaThread "Reference Handler" daemon [_thread_blocked, id=17400, stack(0x00000000163b0000,0x00000000164b0000)]

Other Threads:
  0x0000000015217800 VMThread [stack: 0x00000000162b0000,0x00000000163b0000] [id=10396]
  0x000000001697c000 WatcherThread [stack: 0x00000000171a0000,0x00000000172a0000] [id=18004]

VM state:not at safepoint (normal execution)

VM Mutex/Monitor currently owned by a thread: None

Heap:
 PSYoungGen      total 18432K, used 2708K [0x00000000eb780000, 0x00000000ecc00000, 0x0000000100000000)
  eden space 15872K, 17% used [0x00000000eb780000,0x00000000eba25370,0x00000000ec700000)
  from space 2560K, 0% used [0x00000000ec980000,0x00000000ec980000,0x00000000ecc00000)
  to   space 2560K, 0% used [0x00000000ec700000,0x00000000ec700000,0x00000000ec980000)
 ParOldGen       total 42496K, used 10292K [0x00000000c2600000, 0x00000000c4f80000, 0x00000000eb780000)
  object space 42496K, 24% used [0x00000000c2600000,0x00000000c300d018,0x00000000c4f80000)
 Metaspace       used 9721K, capacity 9916K, committed 9984K, reserved 1058816K
  class space    used 1167K, capacity 1253K, committed 1280K, reserved 1048576K

Card table byte_map: [0x00000000120b0000,0x00000000122a0000] byte_map_base: 0x0000000011a9d000

Marking Bits: (ParMarkBitMap*) 0x00000000715208c0
 Begin Bits: [0x00000000127f0000, 0x0000000013758000)
 End Bits:   [0x0000000013758000, 0x00000000146c0000)

Polling page: 0x0000000000d10000

CodeCache: size=245760Kb used=2788Kb max_used=2790Kb free=242971Kb
 bounds [0x0000000002cf0000, 0x0000000002fb0000, 0x0000000011cf0000]
 total_blobs=1137 nmethods=693 adapters=358
 compilation: enabled

Compilation events (10 events):
Event: 2.554 Thread 0x00000000168e3000 nmethod 690 0x0000000002faa690 code [0x0000000002faa7e0, 0x0000000002faa9f8]
Event: 2.563 Thread 0x000000001529c000 nmethod 689 0x0000000002fa9b50 code [0x0000000002fa9cc0, 0x0000000002faa178]
Event: 2.581 Thread 0x0000000016937000  691   !   3       sun.font.TrueTypeFont::getAllFullNames (33 bytes)
Event: 2.582 Thread 0x0000000016937000 nmethod 691 0x0000000002fa8e90 code [0x0000000002fa9060, 0x0000000002fa97d8]
Event: 2.582 Thread 0x0000000016937000  693  s    3       sun.font.FontFamily::addLocaleNames (45 bytes)
Event: 2.583 Thread 0x0000000016937000 nmethod 693 0x0000000002fa1e90 code [0x0000000002fa2060, 0x0000000002fa2898]
Event: 2.583 Thread 0x0000000016937000  692   !   3       sun.font.TrueTypeFont::getAllFamilyNames (33 bytes)
Event: 2.584 Thread 0x0000000016937000 nmethod 692 0x0000000002fabbd0 code [0x0000000002fabda0, 0x0000000002fac518]
Event: 2.636 Thread 0x00000000168e3000  694   !   4       sun.font.TrueTypeFont::getTableBuffer (199 bytes)
Event: 2.646 Thread 0x000000001529c000  695       4       java.util.HashMap::resize (359 bytes)

GC Heap History (6 events):
Event: 1.597 GC heap before
{Heap before GC invocations=1 (full 0):
 PSYoungGen      total 18432K, used 9186K [0x00000000eb780000, 0x00000000ecc00000, 0x0000000100000000)
  eden space 15872K, 57% used [0x00000000eb780000,0x00000000ec078890,0x00000000ec700000)
  from space 2560K, 0% used [0x00000000ec980000,0x00000000ec980000,0x00000000ecc00000)
  to   space 2560K, 0% used [0x00000000ec700000,0x00000000ec700000,0x00000000ec980000)
 ParOldGen       total 42496K, used 0K [0x00000000c2600000, 0x00000000c4f80000, 0x00000000eb780000)
  object space 42496K, 0% used [0x00000000c2600000,0x00000000c2600000,0x00000000c4f80000)
 Metaspace       used 9129K, capacity 9340K, committed 9472K, reserved 1056768K
  class space    used 1114K, capacity 1189K, committed 1280K, reserved 1048576K
Event: 1.602 GC heap after
Heap after GC invocations=1 (full 0):
 PSYoungGen      total 18432K, used 1456K [0x00000000eb780000, 0x00000000ecc00000, 0x0000000100000000)
  eden space 15872K, 0% used [0x00000000eb780000,0x00000000eb780000,0x00000000ec700000)
  from space 2560K, 56% used [0x00000000ec700000,0x00000000ec86c010,0x00000000ec980000)
  to   space 2560K, 0% used [0x00000000ec980000,0x00000000ec980000,0x00000000ecc00000)
 ParOldGen       total 42496K, used 8K [0x00000000c2600000, 0x00000000c4f80000, 0x00000000eb780000)
  object space 42496K, 0% used [0x00000000c2600000,0x00000000c2602000,0x00000000c4f80000)
 Metaspace       used 9129K, capacity 9340K, committed 9472K, reserved 1056768K
  class space    used 1114K, capacity 1189K, committed 1280K, reserved 1048576K
}
Event: 2.453 GC heap before
{Heap before GC invocations=2 (full 0):
 PSYoungGen      total 18432K, used 17328K [0x00000000eb780000, 0x00000000ecc00000, 0x0000000100000000)
  eden space 15872K, 100% used [0x00000000eb780000,0x00000000ec700000,0x00000000ec700000)
  from space 2560K, 56% used [0x00000000ec700000,0x00000000ec86c010,0x00000000ec980000)
  to   space 2560K, 0% used [0x00000000ec980000,0x00000000ec980000,0x00000000ecc00000)
 ParOldGen       total 42496K, used 8K [0x00000000c2600000, 0x00000000c4f80000, 0x00000000eb780000)
  object space 42496K, 0% used [0x00000000c2600000,0x00000000c2602000,0x00000000c4f80000)
 Metaspace       used 9721K, capacity 9916K, committed 9984K, reserved 1058816K
  class space    used 1167K, capacity 1253K, committed 1280K, reserved 1048576K
Event: 2.473 GC heap after
Heap after GC invocations=2 (full 0):
 PSYoungGen      total 18432K, used 2496K [0x00000000eb780000, 0x00000000ecc00000, 0x0000000100000000)
  eden space 15872K, 0% used [0x00000000eb780000,0x00000000eb780000,0x00000000ec700000)
  from space 2560K, 97% used [0x00000000ec980000,0x00000000ecbf0000,0x00000000ecc00000)
  to   space 2560K, 0% used [0x00000000ec700000,0x00000000ec700000,0x00000000ec980000)
 ParOldGen       total 42496K, used 23641K [0x00000000c2600000, 0x00000000c4f80000, 0x00000000eb780000)
  object space 42496K, 55% used [0x00000000c2600000,0x00000000c3d16430,0x00000000c4f80000)
 Metaspace       used 9721K, capacity 9916K, committed 9984K, reserved 1058816K
  class space    used 1167K, capacity 1253K, committed 1280K, reserved 1048576K
}
Event: 2.473 GC heap before
{Heap before GC invocations=3 (full 1):
 PSYoungGen      total 18432K, used 2496K [0x00000000eb780000, 0x00000000ecc00000, 0x0000000100000000)
  eden space 15872K, 0% used [0x00000000eb780000,0x00000000eb780000,0x00000000ec700000)
  from space 2560K, 97% used [0x00000000ec980000,0x00000000ecbf0000,0x00000000ecc00000)
  to   space 2560K, 0% used [0x00000000ec700000,0x00000000ec700000,0x00000000ec980000)
 ParOldGen       total 42496K, used 23641K [0x00000000c2600000, 0x00000000c4f80000, 0x00000000eb780000)
  object space 42496K, 55% used [0x00000000c2600000,0x00000000c3d16430,0x00000000c4f80000)
 Metaspace       used 9721K, capacity 9916K, committed 9984K, reserved 1058816K
  class space    used 1167K, capacity 1253K, committed 1280K, reserved 1048576K
Event: 2.538 GC heap after
Heap after GC invocations=3 (full 1):
 PSYoungGen      total 18432K, used 0K [0x00000000eb780000, 0x00000000ecc00000, 0x0000000100000000)
  eden space 15872K, 0% used [0x00000000eb780000,0x00000000eb780000,0x00000000ec700000)
  from space 2560K, 0% used [0x00000000ec980000,0x00000000ec980000,0x00000000ecc00000)
  to   space 2560K, 0% used [0x00000000ec700000,0x00000000ec700000,0x00000000ec980000)
 ParOldGen       total 42496K, used 10292K [0x00000000c2600000, 0x00000000c4f80000, 0x00000000eb780000)
  object space 42496K, 24% used [0x00000000c2600000,0x00000000c300d018,0x00000000c4f80000)
 Metaspace       used 9721K, capacity 9916K, committed 9984K, reserved 1058816K
  class space    used 1167K, capacity 1253K, committed 1280K, reserved 1048576K
}

Deoptimization events (7 events):
Event: 1.168 Thread 0x0000000002bf3000 Uncommon trap: reason=null_check action=make_not_entrant pc=0x0000000002e86f60 method=java.lang.String.equals(Ljava/lang/Object;)Z @ 8
Event: 2.295 Thread 0x0000000016c6f800 Uncommon trap: reason=class_check action=maybe_recompile pc=0x0000000002eff650 method=java.util.HashMap.putVal(ILjava/lang/Object;Ljava/lang/Object;ZZ)Ljava/lang/Object; @ 203
Event: 2.295 Thread 0x0000000016c6f800 Uncommon trap: reason=class_check action=maybe_recompile pc=0x0000000002eff650 method=java.util.HashMap.putVal(ILjava/lang/Object;Ljava/lang/Object;ZZ)Ljava/lang/Object; @ 203
Event: 2.295 Thread 0x0000000016c6f800 Uncommon trap: reason=class_check action=maybe_recompile pc=0x0000000002eff650 method=java.util.HashMap.putVal(ILjava/lang/Object;Ljava/lang/Object;ZZ)Ljava/lang/Object; @ 203
Event: 2.295 Thread 0x0000000016c6f800 Uncommon trap: reason=class_check action=maybe_recompile pc=0x0000000002eff650 method=java.util.HashMap.putVal(ILjava/lang/Object;Ljava/lang/Object;ZZ)Ljava/lang/Object; @ 203
Event: 2.318 Thread 0x0000000016c6f800 Uncommon trap: reason=unstable_if action=reinterpret pc=0x0000000002edbf90 method=java.lang.CharacterData.of(I)Ljava/lang/CharacterData; @ 4
Event: 2.396 Thread 0x0000000016c6f800 Uncommon trap: reason=unstable_if action=reinterpret pc=0x0000000002f99350 method=java.lang.Character.isSurrogate(C)Z @ 3

Classes redefined (0 events):
No events

Internal exceptions (10 events):
Event: 0.128 Thread 0x0000000002bf3000 Exception <a 'java/lang/NoSuchMethodError': Method sun.misc.Unsafe.prefetchRead(Ljava/lang/Object;J)V name or signature does not match> (0x00000000eb787f98) thrown at [C:\re\workspace\8-2-build-windows-amd64-cygwin\jdk8u171\10807\hotspot\src\share\vm\prim
Event: 0.620 Thread 0x0000000002bf3000 Exception <a 'java/security/PrivilegedActionException'> (0x00000000eba13708) thrown at [C:\re\workspace\8-2-build-windows-amd64-cygwin\jdk8u171\10807\hotspot\src\share\vm\prims\jvm.cpp, line 1435]
Event: 0.621 Thread 0x0000000002bf3000 Exception <a 'java/security/PrivilegedActionException'> (0x00000000eba13918) thrown at [C:\re\workspace\8-2-build-windows-amd64-cygwin\jdk8u171\10807\hotspot\src\share\vm\prims\jvm.cpp, line 1435]
Event: 0.625 Thread 0x0000000002bf3000 Exception <a 'java/security/PrivilegedActionException'> (0x00000000eba17828) thrown at [C:\re\workspace\8-2-build-windows-amd64-cygwin\jdk8u171\10807\hotspot\src\share\vm\prims\jvm.cpp, line 1435]
Event: 0.625 Thread 0x0000000002bf3000 Exception <a 'java/security/PrivilegedActionException'> (0x00000000eba17a38) thrown at [C:\re\workspace\8-2-build-windows-amd64-cygwin\jdk8u171\10807\hotspot\src\share\vm\prims\jvm.cpp, line 1435]
Event: 0.652 Thread 0x0000000002bf3000 Exception <a 'java/io/FileNotFoundException'> (0x00000000eba25510) thrown at [C:\re\workspace\8-2-build-windows-amd64-cygwin\jdk8u171\10807\hotspot\src\share\vm\prims\jni.cpp, line 709]
Event: 0.844 Thread 0x0000000002bf3000 Exception <a 'java/lang/NoSuchFieldError': method resolution failed> (0x00000000ebb564f8) thrown at [C:\re\workspace\8-2-build-windows-amd64-cygwin\jdk8u171\10807\hotspot\src\share\vm\prims\methodHandles.cpp, line 1167]
Event: 0.854 Thread 0x0000000002bf3000 Exception <a 'java/lang/NoSuchFieldError': method resolution failed> (0x00000000ebb643f0) thrown at [C:\re\workspace\8-2-build-windows-amd64-cygwin\jdk8u171\10807\hotspot\src\share\vm\prims\methodHandles.cpp, line 1167]
Event: 1.046 Thread 0x0000000002bf3000 Exception <a 'java/io/FileNotFoundException'> (0x00000000ebcc3778) thrown at [C:\re\workspace\8-2-build-windows-amd64-cygwin\jdk8u171\10807\hotspot\src\share\vm\prims\jni.cpp, line 709]
Event: 1.168 Thread 0x0000000002bf3000 Implicit null exception at 0x0000000002e86da2 to 0x0000000002e86f51

Events (10 events):
Event: 2.318 Thread 0x0000000016c6f800 DEOPT UNPACKING pc=0x0000000002d3583b sp=0x000000001897b950 mode 2
Event: 2.318 loading class java/lang/CharacterData00
Event: 2.319 loading class java/lang/CharacterData00 done
Event: 2.319 Executing VM operation: Deoptimize
Event: 2.319 Executing VM operation: Deoptimize done
Event: 2.396 Thread 0x0000000016c6f800 Uncommon trap: trap_request=0xffffff65 fr.pc=0x0000000002f99350
Event: 2.396 Thread 0x0000000016c6f800 DEOPT PACKING pc=0x0000000002f99350 sp=0x000000001897b600
Event: 2.396 Thread 0x0000000016c6f800 DEOPT UNPACKING pc=0x0000000002d3583b sp=0x000000001897b528 mode 2
Event: 2.453 Executing VM operation: ParallelGCFailedAllocation
Event: 2.538 Executing VM operation: ParallelGCFailedAllocation done


Dynamic libraries:
0x00007ff604850000 - 0x00007ff604887000 	C:\Program Files\Java\jdk1.8.0_171\bin\java.exe
0x00007ff9e0e80000 - 0x00007ff9e1061000 	C:\WINDOWS\SYSTEM32\ntdll.dll
0x00007ff9e0d10000 - 0x00007ff9e0dc2000 	C:\WINDOWS\System32\KERNEL32.DLL
0x00007ff9dd300000 - 0x00007ff9dd573000 	C:\WINDOWS\System32\KERNELBASE.dll
0x00007ff9e0050000 - 0x00007ff9e00f1000 	C:\WINDOWS\System32\ADVAPI32.dll
0x00007ff9e0840000 - 0x00007ff9e08de000 	C:\WINDOWS\System32\msvcrt.dll
0x00007ff9e05e0000 - 0x00007ff9e063b000 	C:\WINDOWS\System32\sechost.dll
0x00007ff9e04b0000 - 0x00007ff9e05d4000 	C:\WINDOWS\System32\RPCRT4.dll
0x00007ff9e0100000 - 0x00007ff9e0290000 	C:\WINDOWS\System32\USER32.dll
0x00007ff9dd720000 - 0x00007ff9dd740000 	C:\WINDOWS\System32\win32u.dll
0x00007ff9e0a40000 - 0x00007ff9e0a68000 	C:\WINDOWS\System32\GDI32.dll
0x00007ff9de170000 - 0x00007ff9de302000 	C:\WINDOWS\System32\gdi32full.dll
0x00007ff9dd680000 - 0x00007ff9dd71f000 	C:\WINDOWS\System32\msvcp_win.dll
0x00007ff9dd580000 - 0x00007ff9dd67a000 	C:\WINDOWS\System32\ucrtbase.dll
0x00007ff9c7510000 - 0x00007ff9c7779000 	C:\WINDOWS\WinSxS\amd64_microsoft.windows.common-controls_6595b64144ccf1df_6.0.17134.285_none_fb4297e330656775\COMCTL32.dll
0x00007ff9dfba0000 - 0x00007ff9dfec3000 	C:\WINDOWS\System32\combase.dll
0x00007ff9dd7a0000 - 0x00007ff9dd81a000 	C:\WINDOWS\System32\bcryptPrimitives.dll
0x00007ff9e06a0000 - 0x00007ff9e06cd000 	C:\WINDOWS\System32\IMM32.DLL
0x00000000763f0000 - 0x00000000764c2000 	C:\Program Files\Java\jdk1.8.0_171\jre\bin\msvcr100.dll
0x0000000070d00000 - 0x00000000715a0000 	C:\Program Files\Java\jdk1.8.0_171\jre\bin\server\jvm.dll
0x00007ff9e0a70000 - 0x00007ff9e0a78000 	C:\WINDOWS\System32\PSAPI.DLL
0x00007ff9c9520000 - 0x00007ff9c9529000 	C:\WINDOWS\SYSTEM32\WSOCK32.dll
0x00007ff9d1bb0000 - 0x00007ff9d1bba000 	C:\WINDOWS\SYSTEM32\VERSION.dll
0x00007ff9e06d0000 - 0x00007ff9e073c000 	C:\WINDOWS\System32\WS2_32.dll
0x00007ff9dae30000 - 0x00007ff9dae53000 	C:\WINDOWS\SYSTEM32\WINMM.dll
0x00007ff9dae00000 - 0x00007ff9dae2a000 	C:\WINDOWS\SYSTEM32\WINMMBASE.dll
0x00007ff9dd820000 - 0x00007ff9dd869000 	C:\WINDOWS\System32\cfgmgr32.dll
0x00000000763e0000 - 0x00000000763ef000 	C:\Program Files\Java\jdk1.8.0_171\jre\bin\verify.dll
0x00000000763b0000 - 0x00000000763d9000 	C:\Program Files\Java\jdk1.8.0_171\jre\bin\java.dll
0x0000000076380000 - 0x00000000763a3000 	C:\Program Files\Java\jdk1.8.0_171\jre\bin\instrument.dll
0x0000000076360000 - 0x0000000076376000 	C:\Program Files\Java\jdk1.8.0_171\jre\bin\zip.dll
0x00007ff9de310000 - 0x00007ff9df750000 	C:\WINDOWS\System32\SHELL32.dll
0x00007ff9e0990000 - 0x00007ff9e0a39000 	C:\WINDOWS\System32\shcore.dll
0x00007ff9dda60000 - 0x00007ff9de16d000 	C:\WINDOWS\System32\windows.storage.dll
0x00007ff9e0640000 - 0x00007ff9e0691000 	C:\WINDOWS\System32\shlwapi.dll
0x00007ff9dd1c0000 - 0x00007ff9dd1d1000 	C:\WINDOWS\System32\kernel.appcore.dll
0x00007ff9dd1e0000 - 0x00007ff9dd1ff000 	C:\WINDOWS\System32\profapi.dll
0x00007ff9dd200000 - 0x00007ff9dd24c000 	C:\WINDOWS\System32\powrprof.dll
0x00007ff9dd190000 - 0x00007ff9dd19a000 	C:\WINDOWS\System32\FLTLIB.DLL
0x00007ff9d4ea0000 - 0x00007ff9d4eba000 	C:\Program Files\JetBrains\IntelliJ IDEA Community Edition 2018.1.4\bin\breakgen64.dll
0x0000000076340000 - 0x000000007635a000 	C:\Program Files\Java\jdk1.8.0_171\jre\bin\net.dll
0x00007ff9dc9b0000 - 0x00007ff9dca16000 	C:\WINDOWS\system32\mswsock.dll
0x00000000761a0000 - 0x0000000076338000 	C:\Program Files\Java\jdk1.8.0_171\jre\bin\awt.dll
0x00007ff9e0740000 - 0x00007ff9e0802000 	C:\WINDOWS\System32\OLEAUT32.dll
0x00007ff9daf50000 - 0x00007ff9dafdb000 	C:\WINDOWS\SYSTEM32\apphelp.dll
0x00007ff9db920000 - 0x00007ff9db949000 	C:\WINDOWS\system32\DWMAPI.DLL
0x00007ff9db0e0000 - 0x00007ff9db178000 	C:\WINDOWS\system32\uxtheme.dll
0x00007ff9c2c30000 - 0x00007ff9c2d50000 	C:\WINDOWS\system32\opengl32.dll
0x00007ff9c6c60000 - 0x00007ff9c6c8c000 	C:\WINDOWS\SYSTEM32\GLU32.dll
0x00007ff9dfed0000 - 0x00007ff9e0045000 	C:\WINDOWS\System32\MSCTF.dll
0x00007ff9e02f0000 - 0x00007ff9e0441000 	C:\WINDOWS\System32\ole32.dll
0x0000000076150000 - 0x0000000076197000 	C:\Program Files\Java\jdk1.8.0_171\jre\bin\fontmanager.dll
0x00007ff9c36e0000 - 0x00007ff9c3777000 	C:\WINDOWS\System32\TextInputFramework.dll
0x00007ff9d83c0000 - 0x00007ff9d86de000 	C:\WINDOWS\System32\CoreUIComponents.dll
0x00007ff9dab40000 - 0x00007ff9dac1a000 	C:\WINDOWS\System32\CoreMessaging.dll
0x00007ff9dc330000 - 0x00007ff9dc361000 	C:\WINDOWS\SYSTEM32\ntmarta.dll
0x00007ff9d8750000 - 0x00007ff9d889d000 	C:\WINDOWS\SYSTEM32\wintypes.dll
0x00007ff9ca070000 - 0x00007ff9ca0db000 	C:\WINDOWS\system32\Oleacc.dll
0x0000000076130000 - 0x0000000076141000 	C:\Program Files\Java\jdk1.8.0_171\jre\bin\nio.dll

VM Arguments:
jvm_args: -javaagent:C:\Program Files\JetBrains\IntelliJ IDEA Community Edition 2018.1.4\lib\idea_rt.jar=52413:C:\Program Files\JetBrains\IntelliJ IDEA Community Edition 2018.1.4\bin -Dfile.encoding=UTF-8 
java_command: TestCase
java_class_path (initial): C:\Program Files\Java\jdk1.8.0_171\jre\lib\charsets.jar;C:\Program Files\Java\jdk1.8.0_171\jre\lib\deploy.jar;C:\Program Files\Java\jdk1.8.0_171\jre\lib\ext\access-bridge-64.jar;C:\Program Files\Java\jdk1.8.0_171\jre\lib\ext\cldrdata.jar;C:\Program Files\Java\jdk1.8.0_171\jre\lib\ext\dnsns.jar;C:\Program Files\Java\jdk1.8.0_171\jre\lib\ext\jaccess.jar;C:\Program Files\Java\jdk1.8.0_171\jre\lib\ext\jfxrt.jar;C:\Program Files\Java\jdk1.8.0_171\jre\lib\ext\localedata.jar;C:\Program Files\Java\jdk1.8.0_171\jre\lib\ext\nashorn.jar;C:\Program Files\Java\jdk1.8.0_171\jre\lib\ext\sunec.jar;C:\Program Files\Java\jdk1.8.0_171\jre\lib\ext\sunjce_provider.jar;C:\Program Files\Java\jdk1.8.0_171\jre\lib\ext\sunmscapi.jar;C:\Program Files\Java\jdk1.8.0_171\jre\lib\ext\sunpkcs11.jar;C:\Program Files\Java\jdk1.8.0_171\jre\lib\ext\zipfs.jar;C:\Program Files\Java\jdk1.8.0_171\jre\lib\javaws.jar;C:\Program Files\Java\jdk1.8.0_171\jre\lib\jce.jar;C:\Program Files\Java\jdk1.8.0_171\jre\lib\jfr.jar;C:\Program Files\Java\jdk1.8.0_171\jre\lib\jfxswt.jar;C:\Program Files\Java\jdk1.8.0_171\jre\lib\jsse.jar;C:\Program Files\Java\jdk1.8.0_171\jre\lib\management-agent.jar;C:\Program Files\Java\jdk1.8.0_171\jre\lib\plugin.jar;C:\Program Files\Java\jdk1.8.0_171\jre\lib\resources.jar;C:\Program Files\Java\jdk1.8.0_171\jre\lib\rt.jar;C:\Users\katel\Documents\Display\out\production\TournamentBracketDisplay;C:\Users\katel\Documents\Display\lib;C:\Program Files\JetBrains\IntelliJ IDEA Community Edition 2018.1.4\lib\idea_rt.jar
Launcher Type: SUN_STANDARD

Environment Variables:
PATH=C:\Program Files (x86)\Common Files\Oracle\Java\javapath;C:\Program Files (x86)\Intel\TXE Components\iCLS\;C:\Program Files\Intel\TXE Components\iCLS\;C:\WINDOWS\system32;C:\WINDOWS;C:\WINDOWS\System32\Wbem;C:\WINDOWS\System32\WindowsPowerShell\v1.0\;C:\Program Files\Intel\TXE Components\DAL\;C:\Program Files (x86)\Intel\TXE Components\DAL\;C:\Program Files\Intel\TXE Components\IPT\;C:\Program Files (x86)\Intel\TXE Components\IPT\;C:\Program Files\Intel\WiFi\bin\;C:\Program Files\Common Files\Intel\WirelessCommon\;C:\WINDOWS\System32\OpenSSH\;C:\Users\katel\AppData\Local\Microsoft\WindowsApps;C:\Users\katel\AppData\Local\GitHubDesktop\bin
USERNAME=katel
OS=Windows_NT
PROCESSOR_IDENTIFIER=Intel64 Family 6 Model 92 Stepping 9, GenuineIntel



---------------  S Y S T E M  ---------------

OS: Windows 10.0 , 64 bit Build 17134 (10.0.17134.1)

CPU:total 4 (initial active 4) (4 cores per cpu, 1 threads per core) family 6 model 92 stepping 9, cmov, cx8, fxsr, mmx, sse, sse2, sse3, ssse3, sse4.1, sse4.2, popcnt, aes, clmul, erms, 3dnowpref, tsc, tscinvbit

Memory: 4k page, physical 4030688k(363060k free), swap 11518428k(0k free)

vm_info: Java HotSpot(TM) 64-Bit Server VM (25.171-b11) for windows-amd64 JRE (1.8.0_171-b11), built on Mar 28 2018 16:06:12 by "java_re" with MS VC++ 10.0 (VS2010)

time: Fri Sep 28 01:24:15 2018
elapsed time: 2 seconds (0d 0h 0m 2s)

